<?xml version="1.0" encoding="utf-8"?><testsuites name="pytest tests"><testsuite name="pytest" errors="0" failures="0" skipped="0" tests="6" time="1.100" timestamp="2026-05-12T06:09:28.373758+00:00" hostname="agent-env-70c519f0-07f5-46ef-9fe4-db27f71b776c"><testcase classname="backend.tests.test_contact_api.TestRoot" name="test_root_returns_vini_message" time="0.207" /><testcase classname="backend.tests.test_contact_api.TestContactCreate" name="test_create_valid_contact" time="0.144" /><testcase classname="backend.tests.test_contact_api.TestContactCreate" name="test_invalid_email_returns_422" time="0.153" /><testcase classname="backend.tests.test_contact_api.TestContactCreate" name="test_missing_fields_returns_422" time="0.135" /><testcase classname="backend.tests.test_contact_api.TestContactCreate" name="test_empty_name_returns_422" time="0.133" /><testcase classname="backend.tests.test_contact_api.TestContactList" name="test_list_contacts_and_no_id_leak" time="0.179" /></testsuite></testsuites>